C:\Program Files\Microsoft Visual Studio\2022\Community\MSBuild\Microsoft\VC\v170\Microsoft.CppBuild.targets(517,5): warning MSB8004: Output Directory does not end with a trailing slash.  This build instance will add the slash as it is required to allow proper evaluation of the Output Directory.
  KeyLevel.cpp
  enemy.cpp
  gamestate.cpp
  level.cpp
C:\Users\thana\source\repos\PlatformGame\GameProject\level.cpp(151,31): warning C4305: 'argument': truncation from 'double' to 'float'
C:\Users\thana\source\repos\PlatformGame\GameProject\level.cpp(151,26): warning C4305: 'argument': truncation from 'double' to 'float'
C:\Users\thana\source\repos\PlatformGame\GameProject\level.cpp(151,21): warning C4305: 'argument': truncation from 'double' to 'float'
C:\Users\thana\source\repos\PlatformGame\GameProject\level.cpp(408,51): warning C4244: 'argument': conversion from 'int' to 'float', possible loss of data
C:\Users\thana\source\repos\PlatformGame\GameProject\level.cpp(408,43): warning C4244: 'argument': conversion from 'int' to 'float', possible loss of data
C:\Users\thana\source\repos\PlatformGame\GameProject\level.cpp(442,68): warning C4244: 'argument': conversion from 'int' to 'float', possible loss of data
C:\Users\thana\source\repos\PlatformGame\GameProject\level.cpp(442,60): warning C4244: 'argument': conversion from 'int' to 'float', possible loss of data
C:\Program Files\Microsoft Visual Studio\2022\Community\VC\Tools\MSVC\14.38.33130\include\memory(3465,56): warning C4244: 'argument': conversion from '_Ty' to 'float', possible loss of data
C:\Program Files\Microsoft Visual Studio\2022\Community\VC\Tools\MSVC\14.38.33130\include\memory(3465,56): warning C4244:         with
C:\Program Files\Microsoft Visual Studio\2022\Community\VC\Tools\MSVC\14.38.33130\include\memory(3465,56): warning C4244:         [
C:\Program Files\Microsoft Visual Studio\2022\Community\VC\Tools\MSVC\14.38.33130\include\memory(3465,56): warning C4244:             _Ty=int
C:\Program Files\Microsoft Visual Studio\2022\Community\VC\Tools\MSVC\14.38.33130\include\memory(3465,56): warning C4244:         ]
  (compiling source file 'level.cpp')
  C:\Program Files\Microsoft Visual Studio\2022\Community\VC\Tools\MSVC\14.38.33130\include\memory(3465,56):
  the template instantiation context (the oldest one first) is
  	C:\Users\thana\source\repos\PlatformGame\GameProject\level.cpp(403,26):
  	see reference to function template instantiation 'std::unique_ptr<saw,std::default_delete<saw>> std::make_unique<saw,int,int,0>(int &&,int &&)' being compiled
  
  player.cpp
  saw.cpp
  Generating code
  2 of 635 functions ( 0.3%) were compiled, the rest were copied from previous compilation.
    0 functions were new in current compilation
    1 functions had inline decision re-evaluated but remain unchanged
  Finished generating code
  GameProject.vcxproj -> C:\Users\thana\source\repos\PlatformGame\bin\GameProject.exe
